<?xml version="1.0" encoding="UTF-8"?>
<!-- Generated by org.testng.reporters.JUnitReportReporter -->
<testsuite hostname="Laptop-OBS-194" failures="0" tests="1" name="SampleProject.SampleTest" time="0.007" errors="0" timestamp="2022-01-20T18:48:42 IST" skipped="0">
  <testcase classname="SampleProject.SampleTest" name="getouput" time="0.007"/>
  <system-out/>
</testsuite> <!-- SampleProject.SampleTest -->
